<?xml version="1.0" encoding="UTF-8"?>
<!-- Generated by org.testng.reporters.JUnitReportReporter -->
<testsuite hostname="Goku" failures="0" tests="1" name="com.qa.opencart.tests.TC002_LoginTest" time="1.243" errors="0" timestamp="2024-09-23T11:55:10 IST" skipped="0">
  <testcase classname="com.qa.opencart.tests.TC002_LoginTest" name="loginSuccessfulTest" time="1.243"/>
</testsuite> <!-- com.qa.opencart.tests.TC002_LoginTest -->
