<?xml version="1.0" encoding="UTF-8"?>
<!-- Generated by org.testng.reporters.JUnitReportReporter -->
<testsuite hostname="Goku" failures="0" tests="1" name="com.qa.opencart.tests.TC004_GetLinkText" time="1.110" errors="0" timestamp="2024-09-23T20:22:19 IST" skipped="0">
  <testcase classname="com.qa.opencart.tests.TC004_GetLinkText" name="GetLinkTextsTest" time="1.110"/>
</testsuite> <!-- com.qa.opencart.tests.TC004_GetLinkText -->
