<?xml version="1.0" encoding="UTF-8"?>
<!-- Generated by org.testng.reporters.JUnitReportReporter -->
<testsuite hostname="Goku" failures="0" tests="1" name="com.qa.opencart.tests.TC001_AccountRegistrationTest" time="1.661" errors="0" timestamp="2024-09-23T19:41:13 IST" skipped="0">
  <testcase classname="com.qa.opencart.tests.TC001_AccountRegistrationTest" name="creatAccount" time="1.661"/>
</testsuite> <!-- com.qa.opencart.tests.TC001_AccountRegistrationTest -->
