<?xml version="1.0" encoding="UTF-8"?>
<!-- Generated by org.testng.reporters.JUnitReportReporter -->
<testsuite hostname="Goku" failures="0" tests="5" name="com.qa.opencart.tests.TC003_LoginDataDriven" time="44.587" errors="0" timestamp="2024-09-23T11:55:10 IST" skipped="0">
  <testcase classname="com.qa.opencart.tests.TC003_LoginDataDriven" name="loginDDT" time="1.362"/>
  <testcase classname="com.qa.opencart.tests.TC003_LoginDataDriven" name="loginDDT" time="10.743"/>
  <testcase classname="com.qa.opencart.tests.TC003_LoginDataDriven" name="loginDDT" time="10.722"/>
  <testcase classname="com.qa.opencart.tests.TC003_LoginDataDriven" name="loginDDT" time="10.819"/>
  <testcase classname="com.qa.opencart.tests.TC003_LoginDataDriven" name="loginDDT" time="10.941"/>
</testsuite> <!-- com.qa.opencart.tests.TC003_LoginDataDriven -->
