<?xml version="1.0" encoding="UTF-8"?>
<!-- Generated by org.testng.reporters.JUnitReportReporter -->
<testsuite hostname="Goku" failures="0" tests="5" name="com.qa.opencart.tests.TC003_LoginDataDriven" time="42.775" errors="0" timestamp="2024-09-23T12:54:19 IST" skipped="0">
  <testcase classname="com.qa.opencart.tests.TC003_LoginDataDriven" name="loginDDT" time="10.437"/>
  <testcase classname="com.qa.opencart.tests.TC003_LoginDataDriven" name="loginDDT" time="1.096"/>
  <testcase classname="com.qa.opencart.tests.TC003_LoginDataDriven" name="loginDDT" time="10.423"/>
  <testcase classname="com.qa.opencart.tests.TC003_LoginDataDriven" name="loginDDT" time="10.417"/>
  <testcase classname="com.qa.opencart.tests.TC003_LoginDataDriven" name="loginDDT" time="10.402"/>
</testsuite> <!-- com.qa.opencart.tests.TC003_LoginDataDriven -->
