<?xml version="1.0" encoding="UTF-8"?>
<!-- Generated by org.testng.reporters.JUnitReportReporter -->
<testsuite hostname="Goku" failures="0" tests="1" name="com.qa.opencart.tests.TC002_LoginTest" time="0.856" errors="0" timestamp="2024-09-23T12:54:19 IST" skipped="0">
  <testcase classname="com.qa.opencart.tests.TC002_LoginTest" name="loginSuccessfulTest" time="0.856"/>
</testsuite> <!-- com.qa.opencart.tests.TC002_LoginTest -->
